2025-03-27 22:08:03,187 [main] INFO  o.j.t.insurance.InsuranceApplication - Starting InsuranceApplication using Java 21.0.6 with PID 17308 (/Users/a---/Desktop/My files/intelliJ IDEA FILE/InsurancePremiumServiceV2/V2/build/classes/java/main started by a--- in /Users/a---/Desktop/My files/intelliJ IDEA FILE/InsurancePremiumServiceV2)
2025-03-27 22:08:03,188 [main] INFO  o.j.t.insurance.InsuranceApplication - No active profile set, falling back to 1 default profile: "default"
2025-03-27 22:08:03,506 [main] INFO  o.s.d.r.c.RepositoryConfigurationDelegate - Bootstrapping Spring Data JPA repositories in DEFAULT mode.
2025-03-27 22:08:03,547 [main] INFO  o.s.d.r.c.RepositoryConfigurationDelegate - Finished Spring Data repository scanning in 37 ms. Found 5 JPA repository interfaces.
2025-03-27 22:08:03,782 [main] INFO  o.s.b.w.e.tomcat.TomcatWebServer - Tomcat initialized with port 8080 (http)
2025-03-27 22:08:03,787 [main] INFO  o.a.coyote.http11.Http11NioProtocol - Initializing ProtocolHandler ["http-nio-8080"]
2025-03-27 22:08:03,788 [main] INFO  o.a.catalina.core.StandardService - Starting service [Tomcat]
2025-03-27 22:08:03,788 [main] INFO  o.a.catalina.core.StandardEngine - Starting Servlet engine: [Apache Tomcat/10.1.20]
2025-03-27 22:08:03,809 [main] INFO  o.a.c.c.C.[Tomcat].[localhost].[/] - Initializing Spring embedded WebApplicationContext
2025-03-27 22:08:03,809 [main] INFO  o.s.b.w.s.c.ServletWebServerApplicationContext - Root WebApplicationContext: initialization completed in 605 ms
2025-03-27 22:08:03,866 [main] INFO  com.zaxxer.hikari.HikariDataSource - HikariPool-1 - Starting...
2025-03-27 22:08:04,161 [main] INFO  com.zaxxer.hikari.pool.HikariPool - HikariPool-1 - Added connection com.mysql.cj.jdbc.ConnectionImpl@2f09e6b2
2025-03-27 22:08:04,163 [main] INFO  com.zaxxer.hikari.HikariDataSource - HikariPool-1 - Start completed.
2025-03-27 22:08:04,565 [main] INFO  liquibase.changelog - Reading from `java-real-practice-insurance`.databasechangelog
2025-03-27 22:08:04,589 [main] INFO  liquibase.ui - Database is up to date, no changesets to execute
2025-03-27 22:08:04,590 [main] INFO  liquibase.changelog - Reading from `java-real-practice-insurance`.databasechangelog
2025-03-27 22:08:04,594 [main] INFO  liquibase.util - UPDATE SUMMARY
2025-03-27 22:08:04,594 [main] INFO  liquibase.util - Run:                          0
2025-03-27 22:08:04,594 [main] INFO  liquibase.util - Previously run:              19
2025-03-27 22:08:04,594 [main] INFO  liquibase.util - Filtered out:                 0
2025-03-27 22:08:04,594 [main] INFO  liquibase.util - -------------------------------
2025-03-27 22:08:04,594 [main] INFO  liquibase.util - Total change sets:           19
2025-03-27 22:08:04,595 [main] INFO  liquibase.util - Update summary generated
2025-03-27 22:08:04,603 [main] INFO  liquibase.lockservice - Successfully released change log lock
2025-03-27 22:08:04,604 [main] INFO  liquibase.command - Command execution complete
2025-03-27 22:08:04,641 [main] INFO  o.h.jpa.internal.util.LogHelper - HHH000204: Processing PersistenceUnitInfo [name: default]
2025-03-27 22:08:04,671 [main] INFO  org.hibernate.Version - HHH000412: Hibernate ORM core version 6.5.0.Final
2025-03-27 22:08:04,686 [main] INFO  o.h.c.i.RegionFactoryInitiator - HHH000026: Second-level cache disabled
2025-03-27 22:08:04,789 [main] INFO  o.s.o.j.p.SpringPersistenceUnitInfo - No LoadTimeWeaver setup: ignoring JPA class transformer
2025-03-27 22:08:04,812 [main] WARN  org.hibernate.orm.deprecation - HHH90000025: MySQL8Dialect does not need to be specified explicitly using 'hibernate.dialect' (remove the property setting and it will be selected by default)
2025-03-27 22:08:04,813 [main] WARN  org.hibernate.orm.deprecation - HHH90000026: MySQL8Dialect has been deprecated; use org.hibernate.dialect.MySQLDialect instead
2025-03-27 22:08:05,231 [main] INFO  o.h.e.t.j.p.i.JtaPlatformInitiator - HHH000489: No JTA platform available (set 'hibernate.transaction.jta.platform' to enable JTA platform integration)
2025-03-27 22:08:05,254 [main] INFO  o.s.o.j.LocalContainerEntityManagerFactoryBean - Initialized JPA EntityManagerFactory for persistence unit 'default'
2025-03-27 22:08:05,355 [main] INFO  o.s.d.j.r.query.QueryEnhancerFactory - Hibernate is in classpath; If applicable, HQL parser will be used.
2025-03-27 22:08:05,620 [main] WARN  o.s.b.a.o.j.JpaBaseConfiguration$JpaWebConfiguration - spring.jpa.open-in-view is enabled by default. Therefore, database queries may be performed during view rendering. Explicitly configure spring.jpa.open-in-view to disable this warning
2025-03-27 22:08:05,773 [main] INFO  o.a.coyote.http11.Http11NioProtocol - Starting ProtocolHandler ["http-nio-8080"]
2025-03-27 22:08:05,779 [main] INFO  o.s.b.w.e.tomcat.TomcatWebServer - Tomcat started on port 8080 (http) with context path ''
2025-03-27 22:08:05,784 [main] INFO  o.j.t.insurance.InsuranceApplication - Started InsuranceApplication in 2.733 seconds (process running for 3.517)
2025-03-27 22:09:11,032 [http-nio-8080-exec-1] INFO  o.a.c.c.C.[Tomcat].[localhost].[/] - Initializing Spring DispatcherServlet 'dispatcherServlet'
2025-03-27 22:09:11,033 [http-nio-8080-exec-1] INFO  o.s.web.servlet.DispatcherServlet - Initializing Servlet 'dispatcherServlet'
2025-03-27 22:09:11,035 [http-nio-8080-exec-1] INFO  o.s.web.servlet.DispatcherServlet - Completed initialization in 2 ms
2025-03-27 22:09:47,292 [http-nio-8080-exec-3] INFO  o.j.t.i.r.v.l.EventLoggerTravelCalculatePremiumRequest - REQUEST: {"personFirstName":"John","personLastName":"Doe","dateOfBirth":"2002-01-23","agreementDateFrom":"2028-01-23","agreementDateTo":"2028-04-23","country":"JAPAN","medicalRiskLimitLevel":"LEVEL_15000","selectedRisks":["TRAVEL_MEDICAL","TRAVEL_CANCELLATION","TRAVEL_LOSS_BAGGAGE"]}
2025-03-27 22:09:47,431 [http-nio-8080-exec-3] INFO  o.j.t.i.r.v.l.EventLoggerTravelCalculatePremiumResponse - RESPONSE: {"errors":null,"personFirstName":"John","personLastName":"Doe","dateOfBirth":"2002-01-23","agreementDateFrom":"2028-01-23","agreementDateTo":"2028-04-23","country":"JAPAN","medicalRiskLimitLevel":"LEVEL_15000","agreementPremium":420.42,"risks":[{"riskIc":"TRAVEL_MEDICAL","premium":420.42},{"riskIc":"TRAVEL_CANCELLATION","premium":0},{"riskIc":"TRAVEL_LOSS_BAGGAGE","premium":0}]}
2025-03-27 22:09:47,431 [http-nio-8080-exec-3] INFO  o.j.t.i.r.v.l.EventLoggerTravelCalculatePremiumRequestExecutionTime - Request processing time (ms): 145
2025-03-27 22:12:17,043 [SpringApplicationShutdownHook] INFO  o.s.o.j.LocalContainerEntityManagerFactoryBean - Closing JPA EntityManagerFactory for persistence unit 'default'
2025-03-27 22:12:17,048 [SpringApplicationShutdownHook] INFO  com.zaxxer.hikari.HikariDataSource - HikariPool-1 - Shutdown initiated...
2025-03-27 22:12:17,055 [SpringApplicationShutdownHook] INFO  com.zaxxer.hikari.HikariDataSource - HikariPool-1 - Shutdown completed.
