2025-03-27 22:08:03,187 [main] INFO  o.j.t.insurance.InsuranceApplication - Starting InsuranceApplication using Java 21.0.6 with PID 17308 (/Users/a---/Desktop/My files/intelliJ IDEA FILE/InsurancePremiumServiceV2/V2/build/classes/java/main started by a--- in /Users/a---/Desktop/My files/intelliJ IDEA FILE/InsurancePremiumServiceV2)
2025-03-27 22:08:03,188 [main] INFO  o.j.t.insurance.InsuranceApplication - No active profile set, falling back to 1 default profile: "default"
2025-03-27 22:08:03,506 [main] INFO  o.s.d.r.c.RepositoryConfigurationDelegate - Bootstrapping Spring Data JPA repositories in DEFAULT mode.
2025-03-27 22:08:03,547 [main] INFO  o.s.d.r.c.RepositoryConfigurationDelegate - Finished Spring Data repository scanning in 37 ms. Found 5 JPA repository interfaces.
2025-03-27 22:08:03,782 [main] INFO  o.s.b.w.e.tomcat.TomcatWebServer - Tomcat initialized with port 8080 (http)
2025-03-27 22:08:03,787 [main] INFO  o.a.coyote.http11.Http11NioProtocol - Initializing ProtocolHandler ["http-nio-8080"]
2025-03-27 22:08:03,788 [main] INFO  o.a.catalina.core.StandardService - Starting service [Tomcat]
2025-03-27 22:08:03,788 [main] INFO  o.a.catalina.core.StandardEngine - Starting Servlet engine: [Apache Tomcat/10.1.20]
2025-03-27 22:08:03,809 [main] INFO  o.a.c.c.C.[Tomcat].[localhost].[/] - Initializing Spring embedded WebApplicationContext
2025-03-27 22:08:03,809 [main] INFO  o.s.b.w.s.c.ServletWebServerApplicationContext - Root WebApplicationContext: initialization completed in 605 ms
2025-03-27 22:08:03,866 [main] INFO  com.zaxxer.hikari.HikariDataSource - HikariPool-1 - Starting...
2025-03-27 22:08:04,161 [main] INFO  com.zaxxer.hikari.pool.HikariPool - HikariPool-1 - Added connection com.mysql.cj.jdbc.ConnectionImpl@2f09e6b2
2025-03-27 22:08:04,163 [main] INFO  com.zaxxer.hikari.HikariDataSource - HikariPool-1 - Start completed.
2025-03-27 22:08:04,565 [main] INFO  liquibase.changelog - Reading from `java-real-practice-insurance`.databasechangelog
2025-03-27 22:08:04,589 [main] INFO  liquibase.ui - Database is up to date, no changesets to execute
2025-03-27 22:08:04,590 [main] INFO  liquibase.changelog - Reading from `java-real-practice-insurance`.databasechangelog
2025-03-27 22:08:04,594 [main] INFO  liquibase.util - UPDATE SUMMARY
2025-03-27 22:08:04,594 [main] INFO  liquibase.util - Run:                          0
2025-03-27 22:08:04,594 [main] INFO  liquibase.util - Previously run:              19
2025-03-27 22:08:04,594 [main] INFO  liquibase.util - Filtered out:                 0
2025-03-27 22:08:04,594 [main] INFO  liquibase.util - -------------------------------
2025-03-27 22:08:04,594 [main] INFO  liquibase.util - Total change sets:           19
2025-03-27 22:08:04,595 [main] INFO  liquibase.util - Update summary generated
2025-03-27 22:08:04,603 [main] INFO  liquibase.lockservice - Successfully released change log lock
2025-03-27 22:08:04,604 [main] INFO  liquibase.command - Command execution complete
2025-03-27 22:08:04,641 [main] INFO  o.h.jpa.internal.util.LogHelper - HHH000204: Processing PersistenceUnitInfo [name: default]
2025-03-27 22:08:04,671 [main] INFO  org.hibernate.Version - HHH000412: Hibernate ORM core version 6.5.0.Final
2025-03-27 22:08:04,686 [main] INFO  o.h.c.i.RegionFactoryInitiator - HHH000026: Second-level cache disabled
2025-03-27 22:08:04,789 [main] INFO  o.s.o.j.p.SpringPersistenceUnitInfo - No LoadTimeWeaver setup: ignoring JPA class transformer
2025-03-27 22:08:04,812 [main] WARN  org.hibernate.orm.deprecation - HHH90000025: MySQL8Dialect does not need to be specified explicitly using 'hibernate.dialect' (remove the property setting and it will be selected by default)
2025-03-27 22:08:04,813 [main] WARN  org.hibernate.orm.deprecation - HHH90000026: MySQL8Dialect has been deprecated; use org.hibernate.dialect.MySQLDialect instead
2025-03-27 22:08:05,231 [main] INFO  o.h.e.t.j.p.i.JtaPlatformInitiator - HHH000489: No JTA platform available (set 'hibernate.transaction.jta.platform' to enable JTA platform integration)
2025-03-27 22:08:05,254 [main] INFO  o.s.o.j.LocalContainerEntityManagerFactoryBean - Initialized JPA EntityManagerFactory for persistence unit 'default'
2025-03-27 22:08:05,355 [main] INFO  o.s.d.j.r.query.QueryEnhancerFactory - Hibernate is in classpath; If applicable, HQL parser will be used.
2025-03-27 22:08:05,620 [main] WARN  o.s.b.a.o.j.JpaBaseConfiguration$JpaWebConfiguration - spring.jpa.open-in-view is enabled by default. Therefore, database queries may be performed during view rendering. Explicitly configure spring.jpa.open-in-view to disable this warning
2025-03-27 22:08:05,773 [main] INFO  o.a.coyote.http11.Http11NioProtocol - Starting ProtocolHandler ["http-nio-8080"]
2025-03-27 22:08:05,779 [main] INFO  o.s.b.w.e.tomcat.TomcatWebServer - Tomcat started on port 8080 (http) with context path ''
2025-03-27 22:08:05,784 [main] INFO  o.j.t.insurance.InsuranceApplication - Started InsuranceApplication in 2.733 seconds (process running for 3.517)
2025-03-27 22:09:11,032 [http-nio-8080-exec-1] INFO  o.a.c.c.C.[Tomcat].[localhost].[/] - Initializing Spring DispatcherServlet 'dispatcherServlet'
2025-03-27 22:09:11,033 [http-nio-8080-exec-1] INFO  o.s.web.servlet.DispatcherServlet - Initializing Servlet 'dispatcherServlet'
2025-03-27 22:09:11,035 [http-nio-8080-exec-1] INFO  o.s.web.servlet.DispatcherServlet - Completed initialization in 2 ms
2025-03-27 22:09:47,292 [http-nio-8080-exec-3] INFO  o.j.t.i.r.v.l.EventLoggerTravelCalculatePremiumRequest - REQUEST: {"personFirstName":"John","personLastName":"Doe","dateOfBirth":"2002-01-23","agreementDateFrom":"2028-01-23","agreementDateTo":"2028-04-23","country":"JAPAN","medicalRiskLimitLevel":"LEVEL_15000","selectedRisks":["TRAVEL_MEDICAL","TRAVEL_CANCELLATION","TRAVEL_LOSS_BAGGAGE"]}
2025-03-27 22:09:47,431 [http-nio-8080-exec-3] INFO  o.j.t.i.r.v.l.EventLoggerTravelCalculatePremiumResponse - RESPONSE: {"errors":null,"personFirstName":"John","personLastName":"Doe","dateOfBirth":"2002-01-23","agreementDateFrom":"2028-01-23","agreementDateTo":"2028-04-23","country":"JAPAN","medicalRiskLimitLevel":"LEVEL_15000","agreementPremium":420.42,"risks":[{"riskIc":"TRAVEL_MEDICAL","premium":420.42},{"riskIc":"TRAVEL_CANCELLATION","premium":0},{"riskIc":"TRAVEL_LOSS_BAGGAGE","premium":0}]}
2025-03-27 22:09:47,431 [http-nio-8080-exec-3] INFO  o.j.t.i.r.v.l.EventLoggerTravelCalculatePremiumRequestExecutionTime - Request processing time (ms): 145
2025-03-27 22:12:17,043 [SpringApplicationShutdownHook] INFO  o.s.o.j.LocalContainerEntityManagerFactoryBean - Closing JPA EntityManagerFactory for persistence unit 'default'
2025-03-27 22:12:17,048 [SpringApplicationShutdownHook] INFO  com.zaxxer.hikari.HikariDataSource - HikariPool-1 - Shutdown initiated...
2025-03-27 22:12:17,055 [SpringApplicationShutdownHook] INFO  com.zaxxer.hikari.HikariDataSource - HikariPool-1 - Shutdown completed.
2025-03-27 23:01:09,814 [main] INFO  o.j.t.insurance.InsuranceApplication - Starting InsuranceApplication using Java 22.0.1 with PID 18702 (/Users/a---/Desktop/My files/intelliJ IDEA FILE/InsurancePremiumServiceV2/V2/build/classes/java/main started by a--- in /Users/a---/Desktop/My files/intelliJ IDEA FILE/InsurancePremiumServiceV2)
2025-03-27 23:01:09,817 [main] INFO  o.j.t.insurance.InsuranceApplication - No active profile set, falling back to 1 default profile: "default"
2025-03-27 23:01:10,672 [main] INFO  o.s.d.r.c.RepositoryConfigurationDelegate - Bootstrapping Spring Data JPA repositories in DEFAULT mode.
2025-03-27 23:01:10,812 [main] INFO  o.s.d.r.c.RepositoryConfigurationDelegate - Finished Spring Data repository scanning in 124 ms. Found 5 JPA repository interfaces.
2025-03-27 23:01:11,422 [main] INFO  o.s.b.w.e.tomcat.TomcatWebServer - Tomcat initialized with port 8080 (http)
2025-03-27 23:01:11,427 [main] INFO  o.a.coyote.http11.Http11NioProtocol - Initializing ProtocolHandler ["http-nio-8080"]
2025-03-27 23:01:11,428 [main] INFO  o.a.catalina.core.StandardService - Starting service [Tomcat]
2025-03-27 23:01:11,428 [main] INFO  o.a.catalina.core.StandardEngine - Starting Servlet engine: [Apache Tomcat/10.1.20]
2025-03-27 23:01:11,449 [main] INFO  o.a.c.c.C.[Tomcat].[localhost].[/] - Initializing Spring embedded WebApplicationContext
2025-03-27 23:01:11,449 [main] INFO  o.s.b.w.s.c.ServletWebServerApplicationContext - Root WebApplicationContext: initialization completed in 1584 ms
2025-03-27 23:01:11,505 [main] INFO  com.zaxxer.hikari.HikariDataSource - HikariPool-1 - Starting...
2025-03-27 23:01:11,755 [main] INFO  com.zaxxer.hikari.pool.HikariPool - HikariPool-1 - Added connection com.mysql.cj.jdbc.ConnectionImpl@6f1fa1d0
2025-03-27 23:01:11,756 [main] INFO  com.zaxxer.hikari.HikariDataSource - HikariPool-1 - Start completed.
2025-03-27 23:01:12,111 [main] INFO  liquibase.changelog - Reading from `java-real-practice-insurance`.databasechangelog
2025-03-27 23:01:12,136 [main] INFO  liquibase.ui - Database is up to date, no changesets to execute
2025-03-27 23:01:12,138 [main] INFO  liquibase.changelog - Reading from `java-real-practice-insurance`.databasechangelog
2025-03-27 23:01:12,146 [main] INFO  liquibase.util - UPDATE SUMMARY
2025-03-27 23:01:12,146 [main] INFO  liquibase.util - Run:                          0
2025-03-27 23:01:12,146 [main] INFO  liquibase.util - Previously run:              19
2025-03-27 23:01:12,146 [main] INFO  liquibase.util - Filtered out:                 0
2025-03-27 23:01:12,146 [main] INFO  liquibase.util - -------------------------------
2025-03-27 23:01:12,146 [main] INFO  liquibase.util - Total change sets:           19
2025-03-27 23:01:12,146 [main] INFO  liquibase.util - Update summary generated
2025-03-27 23:01:12,160 [main] INFO  liquibase.lockservice - Successfully released change log lock
2025-03-27 23:01:12,160 [main] INFO  liquibase.command - Command execution complete
2025-03-27 23:01:12,204 [main] INFO  o.h.jpa.internal.util.LogHelper - HHH000204: Processing PersistenceUnitInfo [name: default]
2025-03-27 23:01:12,233 [main] INFO  org.hibernate.Version - HHH000412: Hibernate ORM core version 6.5.0.Final
2025-03-27 23:01:12,250 [main] INFO  o.h.c.i.RegionFactoryInitiator - HHH000026: Second-level cache disabled
2025-03-27 23:01:12,365 [main] INFO  o.s.o.j.p.SpringPersistenceUnitInfo - No LoadTimeWeaver setup: ignoring JPA class transformer
2025-03-27 23:01:12,389 [main] WARN  org.hibernate.orm.deprecation - HHH90000025: MySQL8Dialect does not need to be specified explicitly using 'hibernate.dialect' (remove the property setting and it will be selected by default)
2025-03-27 23:01:12,389 [main] WARN  org.hibernate.orm.deprecation - HHH90000026: MySQL8Dialect has been deprecated; use org.hibernate.dialect.MySQLDialect instead
2025-03-27 23:01:12,779 [main] INFO  o.h.e.t.j.p.i.JtaPlatformInitiator - HHH000489: No JTA platform available (set 'hibernate.transaction.jta.platform' to enable JTA platform integration)
2025-03-27 23:01:12,801 [main] INFO  o.s.o.j.LocalContainerEntityManagerFactoryBean - Initialized JPA EntityManagerFactory for persistence unit 'default'
2025-03-27 23:01:12,903 [main] INFO  o.s.d.j.r.query.QueryEnhancerFactory - Hibernate is in classpath; If applicable, HQL parser will be used.
2025-03-27 23:01:13,153 [main] WARN  o.s.b.w.s.c.AnnotationConfigServletWebServerApplicationContext - Exception encountered during context initialization - cancelling refresh attempt: org.springframework.beans.factory.UnsatisfiedDependencyException: Error creating bean with name 'dtoV1Converter' defined in file [/Users/a---/Desktop/My files/intelliJ IDEA FILE/InsurancePremiumServiceV2/V2/build/classes/java/main/org/javaguru/travel/insurance/dto/v1/DtoV1Converter.class]: Unsatisfied dependency expressed through constructor parameter 1: Error creating bean with name 'dtoV1Converter': Requested bean is currently in creation: Is there an unresolvable circular reference?
2025-03-27 23:01:13,153 [main] INFO  o.s.o.j.LocalContainerEntityManagerFactoryBean - Closing JPA EntityManagerFactory for persistence unit 'default'
2025-03-27 23:01:13,154 [main] INFO  com.zaxxer.hikari.HikariDataSource - HikariPool-1 - Shutdown initiated...
2025-03-27 23:01:13,159 [main] INFO  com.zaxxer.hikari.HikariDataSource - HikariPool-1 - Shutdown completed.
2025-03-27 23:01:13,160 [main] INFO  o.a.catalina.core.StandardService - Stopping service [Tomcat]
2025-03-27 23:01:13,168 [main] INFO  o.s.b.a.l.ConditionEvaluationReportLogger - 

Error starting ApplicationContext. To display the condition evaluation report re-run your application with 'debug' enabled.
2025-03-27 23:01:13,180 [main] ERROR o.s.b.d.LoggingFailureAnalysisReporter - 

***************************
APPLICATION FAILED TO START
***************************

Description:

The dependencies of some of the beans in the application context form a cycle:

┌──->──┐
|  dtoV1Converter defined in file [/Users/a---/Desktop/My files/intelliJ IDEA FILE/InsurancePremiumServiceV2/V2/build/classes/java/main/org/javaguru/travel/insurance/dto/v1/DtoV1Converter.class]
└──<-──┘


Action:

Relying upon circular references is discouraged and they are prohibited by default. Update your application to remove the dependency cycle between beans. As a last resort, it may be possible to break the cycle automatically by setting spring.main.allow-circular-references to true.

2025-03-27 23:02:29,002 [main] INFO  o.j.t.insurance.InsuranceApplication - Starting InsuranceApplication using Java 22.0.1 with PID 18729 (/Users/a---/Desktop/My files/intelliJ IDEA FILE/InsurancePremiumServiceV2/V2/build/classes/java/main started by a--- in /Users/a---/Desktop/My files/intelliJ IDEA FILE/InsurancePremiumServiceV2)
2025-03-27 23:02:29,007 [main] INFO  o.j.t.insurance.InsuranceApplication - No active profile set, falling back to 1 default profile: "default"
2025-03-27 23:02:29,724 [main] INFO  o.s.d.r.c.RepositoryConfigurationDelegate - Bootstrapping Spring Data JPA repositories in DEFAULT mode.
2025-03-27 23:02:29,764 [main] INFO  o.s.d.r.c.RepositoryConfigurationDelegate - Finished Spring Data repository scanning in 28 ms. Found 5 JPA repository interfaces.
2025-03-27 23:02:29,982 [main] INFO  o.s.b.w.e.tomcat.TomcatWebServer - Tomcat initialized with port 8080 (http)
2025-03-27 23:02:29,988 [main] INFO  o.a.coyote.http11.Http11NioProtocol - Initializing ProtocolHandler ["http-nio-8080"]
2025-03-27 23:02:29,990 [main] INFO  o.a.catalina.core.StandardService - Starting service [Tomcat]
2025-03-27 23:02:29,990 [main] INFO  o.a.catalina.core.StandardEngine - Starting Servlet engine: [Apache Tomcat/10.1.20]
2025-03-27 23:02:30,011 [main] INFO  o.a.c.c.C.[Tomcat].[localhost].[/] - Initializing Spring embedded WebApplicationContext
2025-03-27 23:02:30,012 [main] INFO  o.s.b.w.s.c.ServletWebServerApplicationContext - Root WebApplicationContext: initialization completed in 938 ms
2025-03-27 23:02:30,066 [main] INFO  com.zaxxer.hikari.HikariDataSource - HikariPool-1 - Starting...
2025-03-27 23:02:30,223 [main] INFO  com.zaxxer.hikari.pool.HikariPool - HikariPool-1 - Added connection com.mysql.cj.jdbc.ConnectionImpl@1eeb5818
2025-03-27 23:02:30,224 [main] INFO  com.zaxxer.hikari.HikariDataSource - HikariPool-1 - Start completed.
2025-03-27 23:02:30,543 [main] INFO  liquibase.changelog - Reading from `java-real-practice-insurance`.databasechangelog
2025-03-27 23:02:30,565 [main] INFO  liquibase.ui - Database is up to date, no changesets to execute
2025-03-27 23:02:30,567 [main] INFO  liquibase.changelog - Reading from `java-real-practice-insurance`.databasechangelog
2025-03-27 23:02:30,571 [main] INFO  liquibase.util - UPDATE SUMMARY
2025-03-27 23:02:30,571 [main] INFO  liquibase.util - Run:                          0
2025-03-27 23:02:30,571 [main] INFO  liquibase.util - Previously run:              19
2025-03-27 23:02:30,571 [main] INFO  liquibase.util - Filtered out:                 0
2025-03-27 23:02:30,571 [main] INFO  liquibase.util - -------------------------------
2025-03-27 23:02:30,571 [main] INFO  liquibase.util - Total change sets:           19
2025-03-27 23:02:30,571 [main] INFO  liquibase.util - Update summary generated
2025-03-27 23:02:30,579 [main] INFO  liquibase.lockservice - Successfully released change log lock
2025-03-27 23:02:30,580 [main] INFO  liquibase.command - Command execution complete
2025-03-27 23:02:30,620 [main] INFO  o.h.jpa.internal.util.LogHelper - HHH000204: Processing PersistenceUnitInfo [name: default]
2025-03-27 23:02:30,648 [main] INFO  org.hibernate.Version - HHH000412: Hibernate ORM core version 6.5.0.Final
2025-03-27 23:02:30,666 [main] INFO  o.h.c.i.RegionFactoryInitiator - HHH000026: Second-level cache disabled
2025-03-27 23:02:30,784 [main] INFO  o.s.o.j.p.SpringPersistenceUnitInfo - No LoadTimeWeaver setup: ignoring JPA class transformer
2025-03-27 23:02:30,809 [main] WARN  org.hibernate.orm.deprecation - HHH90000025: MySQL8Dialect does not need to be specified explicitly using 'hibernate.dialect' (remove the property setting and it will be selected by default)
2025-03-27 23:02:30,810 [main] WARN  org.hibernate.orm.deprecation - HHH90000026: MySQL8Dialect has been deprecated; use org.hibernate.dialect.MySQLDialect instead
2025-03-27 23:02:31,212 [main] INFO  o.h.e.t.j.p.i.JtaPlatformInitiator - HHH000489: No JTA platform available (set 'hibernate.transaction.jta.platform' to enable JTA platform integration)
2025-03-27 23:02:31,232 [main] INFO  o.s.o.j.LocalContainerEntityManagerFactoryBean - Initialized JPA EntityManagerFactory for persistence unit 'default'
2025-03-27 23:02:31,331 [main] INFO  o.s.d.j.r.query.QueryEnhancerFactory - Hibernate is in classpath; If applicable, HQL parser will be used.
2025-03-27 23:02:31,600 [main] WARN  o.s.b.a.o.j.JpaBaseConfiguration$JpaWebConfiguration - spring.jpa.open-in-view is enabled by default. Therefore, database queries may be performed during view rendering. Explicitly configure spring.jpa.open-in-view to disable this warning
2025-03-27 23:02:31,755 [main] INFO  o.a.coyote.http11.Http11NioProtocol - Starting ProtocolHandler ["http-nio-8080"]
2025-03-27 23:02:31,763 [main] INFO  o.s.b.w.e.tomcat.TomcatWebServer - Tomcat started on port 8080 (http) with context path ''
2025-03-27 23:02:31,767 [main] INFO  o.j.t.insurance.InsuranceApplication - Started InsuranceApplication in 3.226 seconds (process running for 3.742)
2025-03-27 23:03:39,816 [http-nio-8080-exec-1] INFO  o.a.c.c.C.[Tomcat].[localhost].[/] - Initializing Spring DispatcherServlet 'dispatcherServlet'
2025-03-27 23:03:39,817 [http-nio-8080-exec-1] INFO  o.s.web.servlet.DispatcherServlet - Initializing Servlet 'dispatcherServlet'
2025-03-27 23:03:39,821 [http-nio-8080-exec-1] INFO  o.s.web.servlet.DispatcherServlet - Completed initialization in 4 ms
2025-03-27 23:05:22,892 [SpringApplicationShutdownHook] INFO  o.s.o.j.LocalContainerEntityManagerFactoryBean - Closing JPA EntityManagerFactory for persistence unit 'default'
2025-03-27 23:05:22,897 [SpringApplicationShutdownHook] INFO  com.zaxxer.hikari.HikariDataSource - HikariPool-1 - Shutdown initiated...
2025-03-27 23:05:22,943 [SpringApplicationShutdownHook] INFO  com.zaxxer.hikari.HikariDataSource - HikariPool-1 - Shutdown completed.
2025-03-27 23:05:24,760 [main] INFO  o.j.t.insurance.InsuranceApplication - Starting InsuranceApplication using Java 22.0.1 with PID 18859 (/Users/a---/Desktop/My files/intelliJ IDEA FILE/InsurancePremiumServiceV2/V2/build/classes/java/main started by a--- in /Users/a---/Desktop/My files/intelliJ IDEA FILE/InsurancePremiumServiceV2)
2025-03-27 23:05:24,761 [main] INFO  o.j.t.insurance.InsuranceApplication - No active profile set, falling back to 1 default profile: "default"
2025-03-27 23:05:25,100 [main] INFO  o.s.d.r.c.RepositoryConfigurationDelegate - Bootstrapping Spring Data JPA repositories in DEFAULT mode.
2025-03-27 23:05:25,152 [main] INFO  o.s.d.r.c.RepositoryConfigurationDelegate - Finished Spring Data repository scanning in 49 ms. Found 5 JPA repository interfaces.
2025-03-27 23:05:25,451 [main] INFO  o.s.b.w.e.tomcat.TomcatWebServer - Tomcat initialized with port 8080 (http)
2025-03-27 23:05:25,456 [main] INFO  o.a.coyote.http11.Http11NioProtocol - Initializing ProtocolHandler ["http-nio-8080"]
2025-03-27 23:05:25,457 [main] INFO  o.a.catalina.core.StandardService - Starting service [Tomcat]
2025-03-27 23:05:25,457 [main] INFO  o.a.catalina.core.StandardEngine - Starting Servlet engine: [Apache Tomcat/10.1.20]
2025-03-27 23:05:25,479 [main] INFO  o.a.c.c.C.[Tomcat].[localhost].[/] - Initializing Spring embedded WebApplicationContext
2025-03-27 23:05:25,479 [main] INFO  o.s.b.w.s.c.ServletWebServerApplicationContext - Root WebApplicationContext: initialization completed in 701 ms
2025-03-27 23:05:25,535 [main] INFO  com.zaxxer.hikari.HikariDataSource - HikariPool-1 - Starting...
2025-03-27 23:05:25,739 [main] INFO  com.zaxxer.hikari.pool.HikariPool - HikariPool-1 - Added connection com.mysql.cj.jdbc.ConnectionImpl@545d2560
2025-03-27 23:05:25,740 [main] INFO  com.zaxxer.hikari.HikariDataSource - HikariPool-1 - Start completed.
2025-03-27 23:05:26,075 [main] INFO  liquibase.changelog - Reading from `java-real-practice-insurance`.databasechangelog
2025-03-27 23:05:26,097 [main] INFO  liquibase.ui - Database is up to date, no changesets to execute
2025-03-27 23:05:26,099 [main] INFO  liquibase.changelog - Reading from `java-real-practice-insurance`.databasechangelog
2025-03-27 23:05:26,104 [main] INFO  liquibase.util - UPDATE SUMMARY
2025-03-27 23:05:26,104 [main] INFO  liquibase.util - Run:                          0
2025-03-27 23:05:26,104 [main] INFO  liquibase.util - Previously run:              19
2025-03-27 23:05:26,104 [main] INFO  liquibase.util - Filtered out:                 0
2025-03-27 23:05:26,104 [main] INFO  liquibase.util - -------------------------------
2025-03-27 23:05:26,104 [main] INFO  liquibase.util - Total change sets:           19
2025-03-27 23:05:26,104 [main] INFO  liquibase.util - Update summary generated
2025-03-27 23:05:26,113 [main] INFO  liquibase.lockservice - Successfully released change log lock
2025-03-27 23:05:26,114 [main] INFO  liquibase.command - Command execution complete
2025-03-27 23:05:26,151 [main] INFO  o.h.jpa.internal.util.LogHelper - HHH000204: Processing PersistenceUnitInfo [name: default]
2025-03-27 23:05:26,179 [main] INFO  org.hibernate.Version - HHH000412: Hibernate ORM core version 6.5.0.Final
2025-03-27 23:05:26,197 [main] INFO  o.h.c.i.RegionFactoryInitiator - HHH000026: Second-level cache disabled
2025-03-27 23:05:26,310 [main] INFO  o.s.o.j.p.SpringPersistenceUnitInfo - No LoadTimeWeaver setup: ignoring JPA class transformer
2025-03-27 23:05:26,331 [main] WARN  org.hibernate.orm.deprecation - HHH90000025: MySQL8Dialect does not need to be specified explicitly using 'hibernate.dialect' (remove the property setting and it will be selected by default)
2025-03-27 23:05:26,332 [main] WARN  org.hibernate.orm.deprecation - HHH90000026: MySQL8Dialect has been deprecated; use org.hibernate.dialect.MySQLDialect instead
2025-03-27 23:05:26,725 [main] INFO  o.h.e.t.j.p.i.JtaPlatformInitiator - HHH000489: No JTA platform available (set 'hibernate.transaction.jta.platform' to enable JTA platform integration)
2025-03-27 23:05:26,744 [main] INFO  o.s.o.j.LocalContainerEntityManagerFactoryBean - Initialized JPA EntityManagerFactory for persistence unit 'default'
2025-03-27 23:05:26,846 [main] INFO  o.s.d.j.r.query.QueryEnhancerFactory - Hibernate is in classpath; If applicable, HQL parser will be used.
2025-03-27 23:05:27,114 [main] WARN  o.s.b.a.o.j.JpaBaseConfiguration$JpaWebConfiguration - spring.jpa.open-in-view is enabled by default. Therefore, database queries may be performed during view rendering. Explicitly configure spring.jpa.open-in-view to disable this warning
2025-03-27 23:05:27,276 [main] INFO  o.a.coyote.http11.Http11NioProtocol - Starting ProtocolHandler ["http-nio-8080"]
2025-03-27 23:05:27,284 [main] INFO  o.s.b.w.e.tomcat.TomcatWebServer - Tomcat started on port 8080 (http) with context path ''
2025-03-27 23:05:27,288 [main] INFO  o.j.t.insurance.InsuranceApplication - Started InsuranceApplication in 2.67 seconds (process running for 3.301)
2025-03-27 23:05:30,358 [http-nio-8080-exec-1] INFO  o.a.c.c.C.[Tomcat].[localhost].[/] - Initializing Spring DispatcherServlet 'dispatcherServlet'
2025-03-27 23:05:30,359 [http-nio-8080-exec-1] INFO  o.s.web.servlet.DispatcherServlet - Initializing Servlet 'dispatcherServlet'
2025-03-27 23:05:30,362 [http-nio-8080-exec-1] INFO  o.s.web.servlet.DispatcherServlet - Completed initialization in 3 ms
2025-03-27 23:07:53,424 [SpringApplicationShutdownHook] INFO  o.s.o.j.LocalContainerEntityManagerFactoryBean - Closing JPA EntityManagerFactory for persistence unit 'default'
2025-03-27 23:07:53,436 [SpringApplicationShutdownHook] INFO  com.zaxxer.hikari.HikariDataSource - HikariPool-1 - Shutdown initiated...
2025-03-27 23:07:53,464 [SpringApplicationShutdownHook] INFO  com.zaxxer.hikari.HikariDataSource - HikariPool-1 - Shutdown completed.
2025-03-27 23:07:55,111 [main] INFO  o.j.t.insurance.InsuranceApplication - Starting InsuranceApplication using Java 22.0.1 with PID 18903 (/Users/a---/Desktop/My files/intelliJ IDEA FILE/InsurancePremiumServiceV2/V2/build/classes/java/main started by a--- in /Users/a---/Desktop/My files/intelliJ IDEA FILE/InsurancePremiumServiceV2)
2025-03-27 23:07:55,112 [main] INFO  o.j.t.insurance.InsuranceApplication - No active profile set, falling back to 1 default profile: "default"
2025-03-27 23:07:55,477 [main] INFO  o.s.d.r.c.RepositoryConfigurationDelegate - Bootstrapping Spring Data JPA repositories in DEFAULT mode.
2025-03-27 23:07:55,513 [main] INFO  o.s.d.r.c.RepositoryConfigurationDelegate - Finished Spring Data repository scanning in 32 ms. Found 5 JPA repository interfaces.
2025-03-27 23:07:55,759 [main] INFO  o.s.b.w.e.tomcat.TomcatWebServer - Tomcat initialized with port 8080 (http)
2025-03-27 23:07:55,764 [main] INFO  o.a.coyote.http11.Http11NioProtocol - Initializing ProtocolHandler ["http-nio-8080"]
2025-03-27 23:07:55,765 [main] INFO  o.a.catalina.core.StandardService - Starting service [Tomcat]
2025-03-27 23:07:55,765 [main] INFO  o.a.catalina.core.StandardEngine - Starting Servlet engine: [Apache Tomcat/10.1.20]
2025-03-27 23:07:55,786 [main] INFO  o.a.c.c.C.[Tomcat].[localhost].[/] - Initializing Spring embedded WebApplicationContext
2025-03-27 23:07:55,787 [main] INFO  o.s.b.w.s.c.ServletWebServerApplicationContext - Root WebApplicationContext: initialization completed in 653 ms
2025-03-27 23:07:55,843 [main] INFO  com.zaxxer.hikari.HikariDataSource - HikariPool-1 - Starting...
2025-03-27 23:07:56,046 [main] INFO  com.zaxxer.hikari.pool.HikariPool - HikariPool-1 - Added connection com.mysql.cj.jdbc.ConnectionImpl@565d7d2f
2025-03-27 23:07:56,047 [main] INFO  com.zaxxer.hikari.HikariDataSource - HikariPool-1 - Start completed.
2025-03-27 23:07:56,961 [main] INFO  liquibase.changelog - Reading from `java-real-practice-insurance`.databasechangelog
2025-03-27 23:07:56,986 [main] INFO  liquibase.ui - Database is up to date, no changesets to execute
2025-03-27 23:07:56,988 [main] INFO  liquibase.changelog - Reading from `java-real-practice-insurance`.databasechangelog
2025-03-27 23:07:56,993 [main] INFO  liquibase.util - UPDATE SUMMARY
2025-03-27 23:07:56,993 [main] INFO  liquibase.util - Run:                          0
2025-03-27 23:07:56,993 [main] INFO  liquibase.util - Previously run:              19
2025-03-27 23:07:56,993 [main] INFO  liquibase.util - Filtered out:                 0
2025-03-27 23:07:56,993 [main] INFO  liquibase.util - -------------------------------
2025-03-27 23:07:56,993 [main] INFO  liquibase.util - Total change sets:           19
2025-03-27 23:07:56,994 [main] INFO  liquibase.util - Update summary generated
2025-03-27 23:07:57,004 [main] INFO  liquibase.lockservice - Successfully released change log lock
2025-03-27 23:07:57,005 [main] INFO  liquibase.command - Command execution complete
2025-03-27 23:07:57,087 [main] INFO  o.h.jpa.internal.util.LogHelper - HHH000204: Processing PersistenceUnitInfo [name: default]
2025-03-27 23:07:57,155 [main] INFO  org.hibernate.Version - HHH000412: Hibernate ORM core version 6.5.0.Final
2025-03-27 23:07:57,198 [main] INFO  o.h.c.i.RegionFactoryInitiator - HHH000026: Second-level cache disabled
2025-03-27 23:07:57,453 [main] INFO  o.s.o.j.p.SpringPersistenceUnitInfo - No LoadTimeWeaver setup: ignoring JPA class transformer
2025-03-27 23:07:57,477 [main] WARN  org.hibernate.orm.deprecation - HHH90000025: MySQL8Dialect does not need to be specified explicitly using 'hibernate.dialect' (remove the property setting and it will be selected by default)
2025-03-27 23:07:57,484 [main] WARN  org.hibernate.orm.deprecation - HHH90000026: MySQL8Dialect has been deprecated; use org.hibernate.dialect.MySQLDialect instead
2025-03-27 23:07:57,966 [main] INFO  o.h.e.t.j.p.i.JtaPlatformInitiator - HHH000489: No JTA platform available (set 'hibernate.transaction.jta.platform' to enable JTA platform integration)
2025-03-27 23:07:57,994 [main] INFO  o.s.o.j.LocalContainerEntityManagerFactoryBean - Initialized JPA EntityManagerFactory for persistence unit 'default'
2025-03-27 23:07:58,123 [main] INFO  o.s.d.j.r.query.QueryEnhancerFactory - Hibernate is in classpath; If applicable, HQL parser will be used.
2025-03-27 23:07:58,427 [main] WARN  o.s.b.a.o.j.JpaBaseConfiguration$JpaWebConfiguration - spring.jpa.open-in-view is enabled by default. Therefore, database queries may be performed during view rendering. Explicitly configure spring.jpa.open-in-view to disable this warning
2025-03-27 23:07:58,623 [main] INFO  o.a.coyote.http11.Http11NioProtocol - Starting ProtocolHandler ["http-nio-8080"]
2025-03-27 23:07:58,632 [main] INFO  o.s.b.w.e.tomcat.TomcatWebServer - Tomcat started on port 8080 (http) with context path ''
2025-03-27 23:07:58,637 [main] INFO  o.j.t.insurance.InsuranceApplication - Started InsuranceApplication in 3.68 seconds (process running for 4.256)
2025-03-27 23:08:13,247 [http-nio-8080-exec-1] INFO  o.a.c.c.C.[Tomcat].[localhost].[/] - Initializing Spring DispatcherServlet 'dispatcherServlet'
2025-03-27 23:08:13,247 [http-nio-8080-exec-1] INFO  o.s.web.servlet.DispatcherServlet - Initializing Servlet 'dispatcherServlet'
2025-03-27 23:08:13,263 [http-nio-8080-exec-1] INFO  o.s.web.servlet.DispatcherServlet - Completed initialization in 16 ms
